<?xml version="1.0" encoding="UTF-8"?>
<!-- Generated by org.testng.reporters.JUnitReportReporter -->
<testsuite skipped="0" hostname="DESKTOP-35PKLNE" name="restassuredTests.Demo1_GET_Request" tests="1" failures="0" timestamp="2021-06-14T04:08:45 CEST" time="1.233" errors="0">
  <testcase name="getWeatherDetails" time="1.233" classname="restassuredTests.Demo1_GET_Request"/>
  <system-out/>
</testsuite> <!-- restassuredTests.Demo1_GET_Request -->
