<?xml version="1.0" encoding="UTF-8"?>
<!-- Generated by org.testng.reporters.JUnitReportReporter -->
<testsuite skipped="0" hostname="DESKTOP-35PKLNE" name="restassuredTests.Demo6_BasicValidations_XML" tests="4" failures="0" timestamp="2021-06-14T04:08:45 CEST" time="1.528" errors="0">
  <testcase name="testSingleContent" time="0.449" classname="restassuredTests.Demo6_BasicValidations_XML"/>
  <system-out/>
  <testcase name="testMultipleContent" time="0.371" classname="restassuredTests.Demo6_BasicValidations_XML"/>
  <system-out/>
  <testcase name="testUsingXPath1" time="0.381" classname="restassuredTests.Demo6_BasicValidations_XML"/>
  <system-out/>
  <testcase name="testUsingXPath" time="0.327" classname="restassuredTests.Demo6_BasicValidations_XML"/>
  <system-out/>
</testsuite> <!-- restassuredTests.Demo6_BasicValidations_XML -->
