<?xml version="1.0" encoding="UTF-8"?>
<!-- Generated by org.testng.reporters.JUnitReportReporter -->
<testsuite skipped="0" hostname="DESKTOP-35PKLNE" name="serializationDesererilization.VideoGameAPITestwithSerializationJSON" tests="1" failures="0" timestamp="2021-06-14T04:06:38 CEST" time="2.196" errors="0">
  <testcase name="testVideoGameDeSerializationJSON" time="2.196" classname="serializationDesererilization.VideoGameAPITestwithSerializationJSON"/>
  <system-out/>
</testsuite> <!-- serializationDesererilization.VideoGameAPITestwithSerializationJSON -->
