<?xml version="1.0" encoding="UTF-8"?>
<!-- Generated by org.testng.reporters.JUnitReportReporter -->
<testsuite skipped="0" hostname="DESKTOP-35PKLNE" name="restassuredTests.Demo5_BasicValidations_JSON" tests="4" failures="0" timestamp="2021-06-14T04:08:45 CEST" time="2.223" errors="0">
  <testcase name="testStatusCode" time="0.555" classname="restassuredTests.Demo5_BasicValidations_JSON"/>
  <system-out/>
  <testcase name="testLogging" time="0.670" classname="restassuredTests.Demo5_BasicValidations_JSON"/>
  <system-out/>
  <testcase name="testSingleContent" time="0.641" classname="restassuredTests.Demo5_BasicValidations_JSON"/>
  <system-out/>
  <testcase name="testMultipleContent" time="0.357" classname="restassuredTests.Demo5_BasicValidations_JSON"/>
  <system-out/>
</testsuite> <!-- restassuredTests.Demo5_BasicValidations_JSON -->
