<?xml version="1.0" encoding="UTF-8"?>
<!-- Generated by org.testng.reporters.JUnitReportReporter -->
<testsuite skipped="0" hostname="DESKTOP-35PKLNE" name="restassuredTests.Demo3_PUT_Request" tests="1" failures="0" timestamp="2021-06-14T04:08:45 CEST" time="0.477" errors="0">
  <testcase name="testPUT" time="0.477" classname="restassuredTests.Demo3_PUT_Request"/>
  <system-out/>
</testsuite> <!-- restassuredTests.Demo3_PUT_Request -->
