<?xml version="1.0" encoding="UTF-8"?>
<!-- Generated by org.testng.reporters.JUnitReportReporter -->
<testsuite skipped="0" hostname="DESKTOP-35PKLNE" name="serializationDesererilization.VideoGameAPITestwithSerializationXML" tests="1" failures="0" timestamp="2021-06-14T04:05:28 CEST" time="2.478" errors="0">
  <testcase name="testVideoGameSerializationXML" time="2.478" classname="serializationDesererilization.VideoGameAPITestwithSerializationXML"/>
  <system-out/>
</testsuite> <!-- serializationDesererilization.VideoGameAPITestwithSerializationXML -->
