<?xml version="1.0" encoding="UTF-8"?>
<!-- Generated by org.testng.reporters.JUnitReportReporter -->
<testsuite skipped="0" hostname="DESKTOP-35PKLNE" name="serializationDesererilization.StudentAPITestNoSerialization" tests="1" failures="0" timestamp="2021-06-14T02:38:40 CEST" time="3.979" errors="0">
  <testcase name="getStudentRecord" time="3.979" classname="serializationDesererilization.StudentAPITestNoSerialization"/>
  <system-out/>
</testsuite> <!-- serializationDesererilization.StudentAPITestNoSerialization -->
