<?xml version="1.0" encoding="UTF-8"?>
<!-- Generated by org.testng.reporters.JUnitReportReporter -->
<testsuite skipped="0" hostname="DESKTOP-35PKLNE" name="restassuredTests.Demo2_POST_Request" tests="1" failures="0" timestamp="2021-06-14T04:08:45 CEST" time="2.587" errors="0">
  <testcase name="testPost" time="2.587" classname="restassuredTests.Demo2_POST_Request"/>
  <system-out/>
</testsuite> <!-- restassuredTests.Demo2_POST_Request -->
